<?xml version="1.0" encoding="UTF-8"?>
<!-- Generated by org.testng.reporters.JUnitReportReporter -->
<testsuite hostname="NODLTP52093562" failures="0" tests="1" name="com.bene.testcases.OpenAccounTest" time="15.759" errors="0" timestamp="2021-04-26T11:52:15 IST" skipped="0">
  <testcase classname="com.bene.testcases.OpenAccounTest" name="clickAccount" time="15.759"/>
  <system-out/>
</testsuite> <!-- com.bene.testcases.OpenAccounTest -->
