<?xml version="1.0" encoding="UTF-8"?>
<!-- Generated by org.testng.reporters.JUnitReportReporter -->
<testsuite hostname="NODLTP52093562" failures="0" tests="1" name="com.bene.testcases.LoginPageTest" time="1.435" errors="0" timestamp="2021-04-23T14:35:22 IST" skipped="0">
  <testcase classname="com.bene.testcases.LoginPageTest" name="login" time="1.435"/>
  <system-out/>
</testsuite> <!-- com.bene.testcases.LoginPageTest -->
